<?xml version="1.0" encoding="UTF-8"?>
<!-- Generated by org.testng.reporters.JUnitReportReporter -->
<testsuite hostname="VXs-MacBook-Air" failures="0" tests="6" name="amazon.Amazon.ThreatListScreenTest" time="59.942" errors="0" timestamp="2022-07-25T11:31:10 IST" skipped="0">
  <testcase classname="amazon.Amazon.ThreatListScreenTest" name="validLoginTest" time="10.428"/>
  <system-out/>
  <testcase classname="amazon.Amazon.ThreatListScreenTest" name="openItemDetails" time="11.575"/>
  <system-out/>
  <testcase classname="amazon.Amazon.ThreatListScreenTest" name="searchTest" time="8.400"/>
  <system-out/>
  <testcase classname="amazon.Amazon.ThreatListScreenTest" name="locFilter" time="10.241"/>
  <system-out/>
  <testcase classname="amazon.Amazon.ThreatListScreenTest" name="getNotify" time="9.384"/>
  <system-out/>
  <testcase classname="amazon.Amazon.ThreatListScreenTest" name="getUser" time="9.914"/>
  <system-out/>
</testsuite> <!-- amazon.Amazon.ThreatListScreenTest -->
