<?xml version="1.0" encoding="UTF-8"?>
<!-- Generated by org.testng.reporters.JUnitReportReporter -->
<testsuite hostname="VXs-MacBook-Air" failures="0" tests="7" name="amazon.Amazon.ThreatListScreenTest" time="50.245" errors="0" timestamp="2022-09-06T11:40:41 IST" skipped="0">
  <testcase classname="amazon.Amazon.ThreatListScreenTest" name="validLoginTest" time="11.411"/>
  <system-out/>
  <testcase classname="amazon.Amazon.ThreatListScreenTest" name="openItemDetails" time="8.537"/>
  <system-out/>
  <testcase classname="amazon.Amazon.ThreatListScreenTest" name="searchTest" time="5.844"/>
  <system-out/>
  <testcase classname="amazon.Amazon.ThreatListScreenTest" name="searchTest" time="5.215"/>
  <system-out/>
  <testcase classname="amazon.Amazon.ThreatListScreenTest" name="locFilter" time="8.024"/>
  <system-out/>
  <testcase classname="amazon.Amazon.ThreatListScreenTest" name="getNotify" time="5.092"/>
  <system-out/>
  <testcase classname="amazon.Amazon.ThreatListScreenTest" name="getUser" time="6.122"/>
  <system-out/>
</testsuite> <!-- amazon.Amazon.ThreatListScreenTest -->
