<?xml version="1.0" encoding="UTF-8"?>
<!-- Generated by org.testng.reporters.JUnitReportReporter -->
<testsuite hostname="VXs-MacBook-Air" failures="0" tests="6" name="amazon.Amazon.ThreatListScreenTest" time="48.347" errors="0" timestamp="2022-07-26T14:45:54 IST" skipped="0">
  <testcase classname="amazon.Amazon.ThreatListScreenTest" name="validLoginTest" time="9.115"/>
  <system-out/>
  <testcase classname="amazon.Amazon.ThreatListScreenTest" name="openItemDetails" time="9.418"/>
  <system-out/>
  <testcase classname="amazon.Amazon.ThreatListScreenTest" name="searchTest" time="7.241"/>
  <system-out/>
  <testcase classname="amazon.Amazon.ThreatListScreenTest" name="locFilter" time="8.869"/>
  <system-out/>
  <testcase classname="amazon.Amazon.ThreatListScreenTest" name="getNotify" time="5.841"/>
  <system-out/>
  <testcase classname="amazon.Amazon.ThreatListScreenTest" name="getUser" time="7.863"/>
  <system-out/>
</testsuite> <!-- amazon.Amazon.ThreatListScreenTest -->
