<?xml version="1.0" encoding="UTF-8"?>
<!-- Generated by org.testng.reporters.JUnitReportReporter -->
<testsuite hostname="VXs-MacBook-Air" failures="0" tests="1" name="amazon.Amazon.ValidLoginTest" time="14.107" errors="0" timestamp="2022-08-02T17:28:18 IST" skipped="0">
  <testcase classname="amazon.Amazon.ValidLoginTest" name="validLoginTest" time="14.107"/>
  <system-out/>
</testsuite> <!-- amazon.Amazon.ValidLoginTest -->
