<?xml version="1.0" encoding="UTF-8"?>
<!-- Generated by org.testng.reporters.JUnitReportReporter -->
<testsuite hostname="VXs-MacBook-Air" failures="0" tests="3" name="amazon.Amazon.ValidLoginTest" time="45.311" errors="0" timestamp="2022-10-12T12:59:16 IST" skipped="0">
  <testcase classname="amazon.Amazon.ValidLoginTest" name="validLoginTest" time="6.372"/>
  <system-out/>
  <testcase classname="amazon.Amazon.ValidLoginTest" name="validLoginTest" time="6.253"/>
  <system-out/>
  <testcase classname="amazon.Amazon.ValidLoginTest" name="validLoginTest" time="32.686"/>
  <system-out/>
</testsuite> <!-- amazon.Amazon.ValidLoginTest -->
