<?xml version="1.0" encoding="UTF-8"?>
<!-- Generated by org.testng.reporters.JUnitReportReporter -->
<testsuite hostname="VXs-MacBook-Air" failures="0" tests="1" name="amazon.Amazon.BaseTest" time="1.106" errors="0" timestamp="2022-07-08T10:25:50 IST" skipped="0">
  <testcase classname="amazon.Amazon.BaseTest" name="startApp" time="1.106"/>
  <system-out/>
</testsuite> <!-- amazon.Amazon.BaseTest -->
