<?xml version="1.0" encoding="UTF-8"?>
<!-- Generated by org.testng.reporters.JUnitReportReporter -->
<testsuite hostname="VXs-MacBook-Air" failures="0" tests="6" name="amazon.Amazon.ThreatListScreenTest" time="50.339" errors="0" timestamp="2022-08-09T19:28:44 IST" skipped="0">
  <testcase classname="amazon.Amazon.ThreatListScreenTest" name="validLoginTest" time="11.893"/>
  <system-out/>
  <testcase classname="amazon.Amazon.ThreatListScreenTest" name="openItemDetails" time="8.902"/>
  <system-out/>
  <testcase classname="amazon.Amazon.ThreatListScreenTest" name="searchTest" time="6.130"/>
  <system-out/>
  <testcase classname="amazon.Amazon.ThreatListScreenTest" name="locFilter" time="8.716"/>
  <system-out/>
  <testcase classname="amazon.Amazon.ThreatListScreenTest" name="getNotify" time="6.901"/>
  <system-out/>
  <testcase classname="amazon.Amazon.ThreatListScreenTest" name="getUser" time="7.797"/>
  <system-out/>
</testsuite> <!-- amazon.Amazon.ThreatListScreenTest -->
